0 info it worked if it ends with ok
1 verbose cli [
1 verbose cli   'E:\\nodejs\\node.exe',
1 verbose cli   'E:\\nodejs\\node_modules\\npm\\bin\\npm-cli.js',
1 verbose cli   'run',
1 verbose cli   'dev'
1 verbose cli ]
2 info using npm@6.13.6
3 info using node@v13.8.0
4 verbose run-script [ 'predev', 'dev', 'postdev' ]
5 info lifecycle vue-routetest@1.0.0~predev: vue-routetest@1.0.0
6 info lifecycle vue-routetest@1.0.0~dev: vue-routetest@1.0.0
7 verbose lifecycle vue-routetest@1.0.0~dev: unsafe-perm in lifecycle true
8 verbose lifecycle vue-routetest@1.0.0~dev: PATH: E:\nodejs\node_modules\npm\node_modules\npm-lifecycle\node-gyp-bin;C:\Users\马迪\Desktop\vue-routetest\node_modules\.bin;D:\app\oracle_client\product\11.2.0\client_1\bin;D:\oracle\product\11.2.0\client_1\bin;D:\app\马迪\product\11.2.0\client_1\bin;C;\Program Files (x86)\Common Files\Oracle\Java\javapath;C:\ProgramData\Oracle\Java\javapath;C:\Program Files (x86)\Intel\iCLS Client\;C:\Program Files\Intel\iCLS Client\;C:\windows\system32;C:\windows;C:\windows\System32\Wbem;C:\windows\System32\WindowsPowerShell\v1.0\;C:\Program Files (x86)\Intel\Intel(R) Management Engine Components\DAL;C:\Program Files\Intel\Intel(R) Management Engine Components\DAL;C:\Program Files (x86)\Intel\Intel(R) Management Engine Components\IPT;C:\Program Files\Intel\Intel(R) Management Engine Components\IPT;C:\Program Files (x86)\NVIDIA Corporation\PhysX\Common;C:\WINDOWS\system32;C:\WINDOWS;C:\WINDOWS\System32\Wbem;C:\WINDOWS\System32\WindowsPowerShell\v1.0\;C:\WINDOWS\System32\OpenSSH\;E:\QQ\Bin;G:\MyDownloads\Download\SPSS\JRE\bin;G:\MyDownloads\Download\anaconda\Scripts;G:\MyDownloads\Download\anaconda;G:\MyDownloads\Download\anaconda\Library\bin;G:\MyDownloads\Download\Matlab2018;C:\Program Files\Java\jdk1.8.0_241\bin;D:\Program Files\Java\jdk1.8.0_131\bin;G:\Program Files (x86)\Microsoft SQL Server\150\Tools\Binn\;G:\Program Files\Microsoft SQL Server\150\Tools\Binn\;G:\Program Files (x86)\Microsoft SQL Server\150\DTS\Binn\;G:\Program Files\Microsoft SQL Server\150\DTS\Binn\;G:\Program Files\Microsoft SQL Server\Client SDK\ODBC\170\Tools\Binn\;E:\annie和ffmpeg\Annie;:\annie和ffmpeg\ffmpeg\bin;:\Program Files (x86)\Java\jdk1.8.0_151\bin;C:\Program Files (x86)\EditPlus 3;C:\Program Files\Java\jdk1.8.0_241\jre\bin;C:\Program Files\Java\jdk1.8.0_241\lib;C:\Program Files\Java\jdk1.8.0_241\lib\tools.jar;C:\Program Files\Mysql-8.0.19-winx64\bin;C:\Program Files\TortoiseSVN\bin;E:\apache-maven-3.6.1\bin;C:\Program Files\JetBrains\IntelliJ IDEA 2019.2.4\plugins\maven\lib\maven3\bin;E:\nodejs\;C:\Users\马迪\AppData\Local\Microsoft\WindowsApps;E:\Microsoft VS Code\bin;C:\Users\马迪\AppData\Roaming\npm
9 verbose lifecycle vue-routetest@1.0.0~dev: CWD: C:\Users\马迪\Desktop\vue-routetest
10 silly lifecycle vue-routetest@1.0.0~dev: Args: [
10 silly lifecycle   '/d /s /c',
10 silly lifecycle   'webpack-dev-server --inline --progress --config build/webpack.dev.conf.js'
10 silly lifecycle ]
11 silly lifecycle vue-routetest@1.0.0~dev: Returned: code: 1  signal: null
12 info lifecycle vue-routetest@1.0.0~dev: Failed to exec dev script
13 verbose stack Error: vue-routetest@1.0.0 dev: `webpack-dev-server --inline --progress --config build/webpack.dev.conf.js`
13 verbose stack Exit status 1
13 verbose stack     at EventEmitter.<anonymous> (E:\nodejs\node_modules\npm\node_modules\npm-lifecycle\index.js:332:16)
13 verbose stack     at EventEmitter.emit (events.js:321:20)
13 verbose stack     at ChildProcess.<anonymous> (E:\nodejs\node_modules\npm\node_modules\npm-lifecycle\lib\spawn.js:55:14)
13 verbose stack     at ChildProcess.emit (events.js:321:20)
13 verbose stack     at maybeClose (internal/child_process.js:1026:16)
13 verbose stack     at Process.ChildProcess._handle.onexit (internal/child_process.js:286:5)
14 verbose pkgid vue-routetest@1.0.0
15 verbose cwd C:\Users\马迪\Desktop\vue-routetest
16 verbose Windows_NT 10.0.18362
17 verbose argv "E:\\nodejs\\node.exe" "E:\\nodejs\\node_modules\\npm\\bin\\npm-cli.js" "run" "dev"
18 verbose node v13.8.0
19 verbose npm  v6.13.6
20 error code ELIFECYCLE
21 error errno 1
22 error vue-routetest@1.0.0 dev: `webpack-dev-server --inline --progress --config build/webpack.dev.conf.js`
22 error Exit status 1
23 error Failed at the vue-routetest@1.0.0 dev script.
23 error This is probably not a problem with npm. There is likely additional logging output above.
24 verbose exit [ 1, true ]
